<?xml version="1.0" encoding="UTF-8"?>
<!-- Generated by org.testng.reporters.JUnitReportReporter -->
<testsuite hostname="DESKTOP-D9JJULP" failures="0" tests="1" name="POMOdell.Demo" time="6.647" errors="0" timestamp="2024-12-04T17:55:59 IST" skipped="0">
  <testcase classname="POMOdell.Demo" name="validData" time="6.647"/>
  <system-out/>
</testsuite> <!-- POMOdell.Demo -->
