<?xml version="1.0" encoding="UTF-8"?>
<!-- Generated by org.testng.reporters.JUnitReportReporter -->
<testsuite hostname="DESKTOP-D9JJULP" failures="0" tests="1" name="POMOdell.Runn" time="20.101" errors="0" timestamp="2024-12-04T18:34:25 IST" skipped="0">
  <testcase classname="POMOdell.Runn" name="Flipkart" time="20.101"/>
  <system-out/>
</testsuite> <!-- POMOdell.Runn -->
