<?xml version="1.0" encoding="UTF-8"?>
<!-- Generated by org.testng.reporters.JUnitReportReporter -->
<testsuite hostname="DESKTOP-D9JJULP" failures="0" tests="1" name="Run3.Runner1" time="5.773" errors="0" timestamp="2024-12-07T14:26:48 IST" skipped="0">
  <testcase classname="Run3.Runner1" name="test" time="5.773"/>
  <system-out/>
</testsuite> <!-- Run3.Runner1 -->
