<?xml version="1.0" encoding="UTF-8"?>
<!-- Generated by org.testng.reporters.JUnitReportReporter -->
<testsuite hostname="DESKTOP-D9JJULP" failures="0" tests="1" name="POMOdell.Run" time="6.177" errors="0" timestamp="2024-12-03T12:44:42 IST" skipped="0">
  <testcase classname="POMOdell.Run" name="FB" time="6.177"/>
  <system-out/>
</testsuite> <!-- POMOdell.Run -->
